<?xml version="1.0" encoding="UTF-8"?>
<testng-results ignored="0" total="1" passed="1" failed="0" skipped="0">
  <reporter-output>
  </reporter-output>
  <suite started-at="2025-01-21T11:09:40 IST" name="Default suite" finished-at="2025-01-21T11:09:43 IST" duration-ms="3854">
    <groups>
    </groups>
    <test started-at="2025-01-21T11:09:40 IST" name="Default test" finished-at="2025-01-21T11:09:43 IST" duration-ms="3854">
      <class name="testCases.Demo1">
        <test-method signature="config()[pri:0, instance:testCases.Demo1@43195e57]" started-at="2025-01-21T11:09:40 IST" name="config" finished-at="2025-01-21T11:09:43 IST" duration-ms="3821" status="PASS">
          <reporter-output>
          </reporter-output>
        </test-method> <!-- config -->
      </class> <!-- testCases.Demo1 -->
    </test> <!-- Default test -->
  </suite> <!-- Default suite -->
</testng-results>
